<?xml version="1.0" encoding="UTF-8"?>
<!-- Generated by org.testng.reporters.JUnitXMLReporter -->
<testsuite ignored="1" hostname="Toshiba" failures="0" tests="7" name="End to End Test" time="84.183" errors="0" timestamp="2025-04-27T22:41:12 GST">
  <testcase classname="com.freecrm.testcases.HomePage" name="@AfterMethod tearDown" time="3.703">
    <failure type="java.lang.NullPointerException" message="Cannot invoke &amp;quot;java.util.concurrent.ScheduledThreadPoolExecutor.shutdown()&amp;quot; because &amp;quot;this.mouseTimer&amp;quot; is null">
      <![CDATA[java.lang.NullPointerException: Cannot invoke "java.util.concurrent.ScheduledThreadPoolExecutor.shutdown()" because "this.mouseTimer" is null
at atu.testrecorder.ATUTestRecorder.stop(ATUTestRecorder.java:441)
at com.freecrm.testcases.HomePage.tearDown(HomePage.java:43)
at java.base/java.util.ArrayList.forEach(ArrayList.java:1511)
... Removed 32 stack frames]]>
    </failure>
  </testcase> <!-- @AfterMethod tearDown -->
  <testcase classname="com.freecrm.testcases.HomePage" name="@BeforeMethod login" time="0.0">
    <skipped/>
  </testcase> <!-- @BeforeMethod login -->
  <testcase classname="com.freecrm.testcases.HomePage" name="@AfterMethod tearDown" time="0.0">
    <skipped/>
  </testcase> <!-- @AfterMethod tearDown -->
  <testcase classname="com.freecrm.testcases.HomePage" name="@BeforeMethod login" time="0.0">
    <skipped/>
  </testcase> <!-- @BeforeMethod login -->
  <testcase classname="com.freecrm.testcases.HomePage" name="@AfterMethod tearDown" time="0.0">
    <skipped/>
  </testcase> <!-- @AfterMethod tearDown -->
  <testcase classname="com.freecrm.testcases.LoginPageTest" name="titleTest" time="0.02"/>
  <testcase classname="com.freecrm.testcases.LoginPageTest" name="urlCheck" time="0.02"/>
  <testcase classname="com.freecrm.testcases.LoginPageTest" name="logoTest" time="10.191"/>
  <testcase classname="com.freecrm.testcases.LoginPageTest" name="loginTest" time="4.925"/>
  <testcase classname="com.freecrm.testcases.HomePage" name="clickOnContactTest" time="3.125"/>
  <testcase classname="com.freecrm.testcases.HomePage" name="clickOnDealsTest" time="0.0">
    <skipped/>
  </testcase> <!-- clickOnDealsTest -->
  <testcase classname="com.freecrm.testcases.HomePage" name="clickOnTasksTest" time="0.0">
    <skipped/>
  </testcase> <!-- clickOnTasksTest -->
  <testcase classname="com.freecrm.testcases.LoginPageTest" name="titleTest1" time="0.0">
    <ignored/>
  </testcase> <!-- titleTest1 -->
</testsuite> <!-- End to End Test -->
