<?xml version="1.0" encoding="UTF-8"?>
<!-- Generated by org.testng.reporters.JUnitXMLReporter -->
<testsuite ignored="0" hostname="Toshiba" failures="1" tests="5" name="Regression Test" time="33.173" errors="0" timestamp="2025-04-19T22:57:07 GST">
  <testcase classname="com.freecrm.testcases.LoginPageTest" name="titleTest" time="6.837"/>
  <testcase classname="com.freecrm.testcases.LoginPageTest" name="titleTest1" time="3.029">
    <failure type="java.lang.AssertionError" message="The following asserts failed:
	expected [Cogmento] but found [Cogmento CRM]">
      <![CDATA[java.lang.AssertionError: The following asserts failed:
expected [Cogmento] but found [Cogmento CRM]
at com.freecrm.testcases.LoginPageTest.titleTest1(LoginPageTest.java:87)
at java.base/java.util.ArrayList.forEach(ArrayList.java:1511)
... Removed 29 stack frames]]>
    </failure>
  </testcase> <!-- titleTest1 -->
  <testcase classname="com.freecrm.testcases.LoginPageTest" name="urlCheck" time="2.847"/>
  <testcase classname="com.freecrm.testcases.LoginPageTest" name="logoTest" time="9.054"/>
  <testcase classname="com.freecrm.testcases.LoginPageTest" name="loginTest" time="9.079"/>
</testsuite> <!-- Regression Test -->
