<?xml version="1.0" encoding="UTF-8"?>
<!-- Generated by org.testng.reporters.JUnitXMLReporter -->
<testsuite ignored="0" hostname="Toshiba" failures="0" tests="3" name="Sanity Test" time="36.747" errors="0" timestamp="2025-04-19T22:56:34 GST">
  <testcase classname="com.freecrm.testcases.HomePage" name="clickOnContactTest" time="2.82"/>
  <testcase classname="com.freecrm.testcases.HomePage" name="clickOnDealsTest" time="2.944"/>
  <testcase classname="com.freecrm.testcases.HomePage" name="clickOnTasksTest" time="3.506"/>
</testsuite> <!-- Sanity Test -->
