<?xml version="1.0" encoding="UTF-8"?>
<testng-results ignored="1" total="8" passed="5" failed="0" skipped="2">
  <reporter-output>
  </reporter-output>
  <suite started-at="2025-04-27T22:39:48 GST" name="hello test" finished-at="2025-04-27T22:41:12 GST" duration-ms="84183">
    <groups>
    </groups>
    <test started-at="2025-04-27T22:39:48 GST" name="End to End Test" finished-at="2025-04-27T22:41:12 GST" duration-ms="84183">
      <class name="com.freecrm.testcases.LoginPageTest">
        <test-method is-config="true" signature="setUP(java.lang.String,java.lang.reflect.Method)[pri:0, instance:com.freecrm.testcases.LoginPageTest@76494737]" started-at="2025-04-27T22:39:48 GST" name="setUP" finished-at="2025-04-27T22:39:58 GST" duration-ms="10015" status="PASS">
          <params>
            <param index="0">
              <value>
                <![CDATA[edge]]>
              </value>
            </param>
            <param index="1">
              <value>
                <![CDATA[public void com.freecrm.testcases.LoginPageTest.titleTest(java.lang.reflect.Method) throws java.io.IOException]]>
              </value>
            </param>
          </params>
          <reporter-output>
          </reporter-output>
        </test-method> <!-- setUP -->
        <test-method signature="titleTest(java.lang.reflect.Method)[pri:1, instance:com.freecrm.testcases.LoginPageTest@76494737]" started-at="2025-04-27T22:39:58 GST" name="titleTest" finished-at="2025-04-27T22:39:58 GST" duration-ms="20" status="PASS">
          <params>
            <param index="0">
              <value>
                <![CDATA[public void com.freecrm.testcases.LoginPageTest.titleTest(java.lang.reflect.Method) throws java.io.IOException]]>
              </value>
            </param>
          </params>
          <reporter-output>
          </reporter-output>
        </test-method> <!-- titleTest -->
        <test-method is-config="true" signature="tearDown(java.lang.reflect.Method)[pri:0, instance:com.freecrm.testcases.LoginPageTest@76494737]" started-at="2025-04-27T22:39:58 GST" name="tearDown" finished-at="2025-04-27T22:40:02 GST" duration-ms="3879" status="PASS">
          <params>
            <param index="0">
              <value>
                <![CDATA[public void com.freecrm.testcases.LoginPageTest.titleTest(java.lang.reflect.Method) throws java.io.IOException]]>
              </value>
            </param>
          </params>
          <reporter-output>
          </reporter-output>
        </test-method> <!-- tearDown -->
        <test-method is-config="true" signature="setUP(java.lang.String,java.lang.reflect.Method)[pri:0, instance:com.freecrm.testcases.LoginPageTest@76494737]" started-at="2025-04-27T22:40:02 GST" name="setUP" finished-at="2025-04-27T22:40:10 GST" duration-ms="7855" status="PASS">
          <params>
            <param index="0">
              <value>
                <![CDATA[edge]]>
              </value>
            </param>
            <param index="1">
              <value>
                <![CDATA[public void com.freecrm.testcases.LoginPageTest.urlCheck(java.lang.reflect.Method) throws java.io.IOException]]>
              </value>
            </param>
          </params>
          <reporter-output>
          </reporter-output>
        </test-method> <!-- setUP -->
        <test-method signature="urlCheck(java.lang.reflect.Method)[pri:2, instance:com.freecrm.testcases.LoginPageTest@76494737]" started-at="2025-04-27T22:40:10 GST" name="urlCheck" finished-at="2025-04-27T22:40:10 GST" duration-ms="20" status="PASS">
          <params>
            <param index="0">
              <value>
                <![CDATA[public void com.freecrm.testcases.LoginPageTest.urlCheck(java.lang.reflect.Method) throws java.io.IOException]]>
              </value>
            </param>
          </params>
          <reporter-output>
          </reporter-output>
        </test-method> <!-- urlCheck -->
        <test-method is-config="true" signature="tearDown(java.lang.reflect.Method)[pri:0, instance:com.freecrm.testcases.LoginPageTest@76494737]" started-at="2025-04-27T22:40:10 GST" name="tearDown" finished-at="2025-04-27T22:40:14 GST" duration-ms="3918" status="PASS">
          <params>
            <param index="0">
              <value>
                <![CDATA[public void com.freecrm.testcases.LoginPageTest.urlCheck(java.lang.reflect.Method) throws java.io.IOException]]>
              </value>
            </param>
          </params>
          <reporter-output>
          </reporter-output>
        </test-method> <!-- tearDown -->
        <test-method is-config="true" signature="setUP(java.lang.String,java.lang.reflect.Method)[pri:0, instance:com.freecrm.testcases.LoginPageTest@76494737]" started-at="2025-04-27T22:40:14 GST" name="setUP" finished-at="2025-04-27T22:40:21 GST" duration-ms="7312" status="PASS">
          <params>
            <param index="0">
              <value>
                <![CDATA[edge]]>
              </value>
            </param>
            <param index="1">
              <value>
                <![CDATA[public void com.freecrm.testcases.LoginPageTest.logoTest(java.lang.reflect.Method) throws java.io.IOException]]>
              </value>
            </param>
          </params>
          <reporter-output>
          </reporter-output>
        </test-method> <!-- setUP -->
        <test-method signature="logoTest(java.lang.reflect.Method)[pri:3, instance:com.freecrm.testcases.LoginPageTest@76494737]" started-at="2025-04-27T22:40:21 GST" name="logoTest" finished-at="2025-04-27T22:40:31 GST" duration-ms="10191" status="PASS">
          <params>
            <param index="0">
              <value>
                <![CDATA[public void com.freecrm.testcases.LoginPageTest.logoTest(java.lang.reflect.Method) throws java.io.IOException]]>
              </value>
            </param>
          </params>
          <reporter-output>
          </reporter-output>
        </test-method> <!-- logoTest -->
        <test-method is-config="true" signature="tearDown(java.lang.reflect.Method)[pri:0, instance:com.freecrm.testcases.LoginPageTest@76494737]" started-at="2025-04-27T22:40:31 GST" name="tearDown" finished-at="2025-04-27T22:40:37 GST" duration-ms="5837" status="PASS">
          <params>
            <param index="0">
              <value>
                <![CDATA[public void com.freecrm.testcases.LoginPageTest.logoTest(java.lang.reflect.Method) throws java.io.IOException]]>
              </value>
            </param>
          </params>
          <reporter-output>
          </reporter-output>
        </test-method> <!-- tearDown -->
        <test-method is-config="true" signature="setUP(java.lang.String,java.lang.reflect.Method)[pri:0, instance:com.freecrm.testcases.LoginPageTest@76494737]" started-at="2025-04-27T22:40:37 GST" name="setUP" finished-at="2025-04-27T22:40:45 GST" duration-ms="8249" status="PASS">
          <params>
            <param index="0">
              <value>
                <![CDATA[edge]]>
              </value>
            </param>
            <param index="1">
              <value>
                <![CDATA[public void com.freecrm.testcases.LoginPageTest.loginTest(java.lang.reflect.Method) throws java.io.IOException]]>
              </value>
            </param>
          </params>
          <reporter-output>
          </reporter-output>
        </test-method> <!-- setUP -->
        <test-method signature="loginTest(java.lang.reflect.Method)[pri:4, instance:com.freecrm.testcases.LoginPageTest@76494737]" started-at="2025-04-27T22:40:45 GST" name="loginTest" finished-at="2025-04-27T22:40:50 GST" duration-ms="4925" status="PASS">
          <params>
            <param index="0">
              <value>
                <![CDATA[public void com.freecrm.testcases.LoginPageTest.loginTest(java.lang.reflect.Method) throws java.io.IOException]]>
              </value>
            </param>
          </params>
          <reporter-output>
          </reporter-output>
        </test-method> <!-- loginTest -->
        <test-method is-config="true" signature="tearDown(java.lang.reflect.Method)[pri:0, instance:com.freecrm.testcases.LoginPageTest@76494737]" started-at="2025-04-27T22:40:50 GST" name="tearDown" finished-at="2025-04-27T22:40:55 GST" duration-ms="5260" status="PASS">
          <params>
            <param index="0">
              <value>
                <![CDATA[public void com.freecrm.testcases.LoginPageTest.loginTest(java.lang.reflect.Method) throws java.io.IOException]]>
              </value>
            </param>
          </params>
          <reporter-output>
          </reporter-output>
        </test-method> <!-- tearDown -->
      </class> <!-- com.freecrm.testcases.LoginPageTest -->
      <class name="com.freecrm.testcases.HomePage">
        <test-method is-config="true" signature="login(java.lang.String,java.lang.reflect.Method)[pri:0, instance:com.freecrm.testcases.HomePage@6f204a1a]" started-at="2025-04-27T22:40:55 GST" name="login" finished-at="2025-04-27T22:41:05 GST" duration-ms="9651" status="PASS">
          <params>
            <param index="0">
              <value>
                <![CDATA[edge]]>
              </value>
            </param>
            <param index="1">
              <value>
                <![CDATA[public void com.freecrm.testcases.HomePage.clickOnContactTest(java.lang.reflect.Method) throws java.io.IOException]]>
              </value>
            </param>
          </params>
          <reporter-output>
          </reporter-output>
        </test-method> <!-- login -->
        <test-method signature="clickOnContactTest(java.lang.reflect.Method)[pri:0, instance:com.freecrm.testcases.HomePage@6f204a1a]" started-at="2025-04-27T22:41:05 GST" name="clickOnContactTest" finished-at="2025-04-27T22:41:08 GST" duration-ms="3125" status="PASS">
          <params>
            <param index="0">
              <value>
                <![CDATA[public void com.freecrm.testcases.HomePage.clickOnContactTest(java.lang.reflect.Method) throws java.io.IOException]]>
              </value>
            </param>
          </params>
          <reporter-output>
          </reporter-output>
        </test-method> <!-- clickOnContactTest -->
        <test-method is-config="true" signature="tearDown(java.lang.reflect.Method)[pri:0, instance:com.freecrm.testcases.HomePage@6f204a1a]" started-at="2025-04-27T22:41:08 GST" name="tearDown" finished-at="2025-04-27T22:41:12 GST" duration-ms="3703" status="FAIL">
          <params>
            <param index="0">
              <value>
                <![CDATA[public void com.freecrm.testcases.HomePage.clickOnContactTest(java.lang.reflect.Method) throws java.io.IOException]]>
              </value>
            </param>
          </params>
          <exception class="java.lang.NullPointerException">
            <message>
              <![CDATA[Cannot invoke "java.util.concurrent.ScheduledThreadPoolExecutor.shutdown()" because "this.mouseTimer" is null]]>
            </message>
            <full-stacktrace>
              <![CDATA[java.lang.NullPointerException: Cannot invoke "java.util.concurrent.ScheduledThreadPoolExecutor.shutdown()" because "this.mouseTimer" is null
at atu.testrecorder.ATUTestRecorder.stop(ATUTestRecorder.java:441)
at com.freecrm.testcases.HomePage.tearDown(HomePage.java:43)
at java.base/jdk.internal.reflect.NativeMethodAccessorImpl.invoke0(Native Method)
at java.base/jdk.internal.reflect.NativeMethodAccessorImpl.invoke(NativeMethodAccessorImpl.java:77)
at java.base/jdk.internal.reflect.DelegatingMethodAccessorImpl.invoke(DelegatingMethodAccessorImpl.java:43)
at java.base/java.lang.reflect.Method.invoke(Method.java:568)
at org.testng.internal.invokers.MethodInvocationHelper.invokeMethod(MethodInvocationHelper.java:141)
at org.testng.internal.invokers.MethodInvocationHelper.invokeMethodConsideringTimeout(MethodInvocationHelper.java:71)
at org.testng.internal.invokers.ConfigInvoker.invokeConfigurationMethod(ConfigInvoker.java:400)
at org.testng.internal.invokers.ConfigInvoker.invokeConfigurations(ConfigInvoker.java:333)
at org.testng.internal.invokers.TestInvoker.runConfigMethods(TestInvoker.java:836)
at org.testng.internal.invokers.TestInvoker.runAfterConfigurations(TestInvoker.java:805)
at org.testng.internal.invokers.TestInvoker.invokeMethod(TestInvoker.java:781)
at org.testng.internal.invokers.TestInvoker.invokeTestMethod(TestInvoker.java:230)
at org.testng.internal.invokers.MethodRunner.runInSequence(MethodRunner.java:63)
at org.testng.internal.invokers.TestInvoker$MethodInvocationAgent.invoke(TestInvoker.java:995)
at org.testng.internal.invokers.TestInvoker.invokeTestMethods(TestInvoker.java:203)
at org.testng.internal.invokers.TestMethodWorker.invokeTestMethods(TestMethodWorker.java:154)
at org.testng.internal.invokers.TestMethodWorker.run(TestMethodWorker.java:134)
at java.base/java.util.ArrayList.forEach(ArrayList.java:1511)
at org.testng.TestRunner.privateRun(TestRunner.java:741)
at org.testng.TestRunner.run(TestRunner.java:616)
at org.testng.SuiteRunner.runTest(SuiteRunner.java:421)
at org.testng.SuiteRunner.runSequentially(SuiteRunner.java:413)
at org.testng.SuiteRunner.privateRun(SuiteRunner.java:373)
at org.testng.SuiteRunner.run(SuiteRunner.java:312)
at org.testng.SuiteRunnerWorker.runSuite(SuiteRunnerWorker.java:52)
at org.testng.SuiteRunnerWorker.run(SuiteRunnerWorker.java:95)
at org.testng.TestNG.runSuitesSequentially(TestNG.java:1274)
at org.testng.TestNG.runSuitesLocally(TestNG.java:1208)
at org.testng.TestNG.runSuites(TestNG.java:1112)
at org.testng.TestNG.run(TestNG.java:1079)
at org.testng.remote.AbstractRemoteTestNG.run(AbstractRemoteTestNG.java:115)
at org.testng.remote.RemoteTestNG.initAndRun(RemoteTestNG.java:293)
at org.testng.remote.RemoteTestNG.main(RemoteTestNG.java:91)
]]>
            </full-stacktrace>
          </exception> <!-- java.lang.NullPointerException -->
          <reporter-output>
          </reporter-output>
        </test-method> <!-- tearDown -->
        <test-method is-config="true" signature="login(java.lang.String,java.lang.reflect.Method)[pri:0, instance:com.freecrm.testcases.HomePage@6f204a1a]" started-at="2025-04-27T22:41:12 GST" name="login" finished-at="2025-04-27T22:41:12 GST" duration-ms="0" status="SKIP">
          <reporter-output>
          </reporter-output>
        </test-method> <!-- login -->
        <test-method signature="clickOnDealsTest(java.lang.reflect.Method)[pri:0, instance:com.freecrm.testcases.HomePage@6f204a1a]" started-at="2025-04-27T22:41:12 GST" name="clickOnDealsTest" finished-at="2025-04-27T22:41:12 GST" duration-ms="0" status="SKIP">
          <params>
            <param index="0">
              <value>
                <![CDATA[public void com.freecrm.testcases.HomePage.clickOnDealsTest(java.lang.reflect.Method) throws java.io.IOException]]>
              </value>
            </param>
          </params>
          <exception class="java.lang.NullPointerException">
            <message>
              <![CDATA[Cannot invoke "java.util.concurrent.ScheduledThreadPoolExecutor.shutdown()" because "this.mouseTimer" is null]]>
            </message>
            <full-stacktrace>
              <![CDATA[java.lang.NullPointerException: Cannot invoke "java.util.concurrent.ScheduledThreadPoolExecutor.shutdown()" because "this.mouseTimer" is null
at atu.testrecorder.ATUTestRecorder.stop(ATUTestRecorder.java:441)
at com.freecrm.testcases.HomePage.tearDown(HomePage.java:43)
at java.base/jdk.internal.reflect.NativeMethodAccessorImpl.invoke0(Native Method)
at java.base/jdk.internal.reflect.NativeMethodAccessorImpl.invoke(NativeMethodAccessorImpl.java:77)
at java.base/jdk.internal.reflect.DelegatingMethodAccessorImpl.invoke(DelegatingMethodAccessorImpl.java:43)
at java.base/java.lang.reflect.Method.invoke(Method.java:568)
at org.testng.internal.invokers.MethodInvocationHelper.invokeMethod(MethodInvocationHelper.java:141)
at org.testng.internal.invokers.MethodInvocationHelper.invokeMethodConsideringTimeout(MethodInvocationHelper.java:71)
at org.testng.internal.invokers.ConfigInvoker.invokeConfigurationMethod(ConfigInvoker.java:400)
at org.testng.internal.invokers.ConfigInvoker.invokeConfigurations(ConfigInvoker.java:333)
at org.testng.internal.invokers.TestInvoker.runConfigMethods(TestInvoker.java:836)
at org.testng.internal.invokers.TestInvoker.runAfterConfigurations(TestInvoker.java:805)
at org.testng.internal.invokers.TestInvoker.invokeMethod(TestInvoker.java:781)
at org.testng.internal.invokers.TestInvoker.invokeTestMethod(TestInvoker.java:230)
at org.testng.internal.invokers.MethodRunner.runInSequence(MethodRunner.java:63)
at org.testng.internal.invokers.TestInvoker$MethodInvocationAgent.invoke(TestInvoker.java:995)
at org.testng.internal.invokers.TestInvoker.invokeTestMethods(TestInvoker.java:203)
at org.testng.internal.invokers.TestMethodWorker.invokeTestMethods(TestMethodWorker.java:154)
at org.testng.internal.invokers.TestMethodWorker.run(TestMethodWorker.java:134)
at java.base/java.util.ArrayList.forEach(ArrayList.java:1511)
at org.testng.TestRunner.privateRun(TestRunner.java:741)
at org.testng.TestRunner.run(TestRunner.java:616)
at org.testng.SuiteRunner.runTest(SuiteRunner.java:421)
at org.testng.SuiteRunner.runSequentially(SuiteRunner.java:413)
at org.testng.SuiteRunner.privateRun(SuiteRunner.java:373)
at org.testng.SuiteRunner.run(SuiteRunner.java:312)
at org.testng.SuiteRunnerWorker.runSuite(SuiteRunnerWorker.java:52)
at org.testng.SuiteRunnerWorker.run(SuiteRunnerWorker.java:95)
at org.testng.TestNG.runSuitesSequentially(TestNG.java:1274)
at org.testng.TestNG.runSuitesLocally(TestNG.java:1208)
at org.testng.TestNG.runSuites(TestNG.java:1112)
at org.testng.TestNG.run(TestNG.java:1079)
at org.testng.remote.AbstractRemoteTestNG.run(AbstractRemoteTestNG.java:115)
at org.testng.remote.RemoteTestNG.initAndRun(RemoteTestNG.java:293)
at org.testng.remote.RemoteTestNG.main(RemoteTestNG.java:91)
]]>
            </full-stacktrace>
          </exception> <!-- java.lang.NullPointerException -->
          <reporter-output>
          </reporter-output>
        </test-method> <!-- clickOnDealsTest -->
        <test-method is-config="true" signature="tearDown(java.lang.reflect.Method)[pri:0, instance:com.freecrm.testcases.HomePage@6f204a1a]" started-at="2025-04-27T22:41:12 GST" name="tearDown" finished-at="2025-04-27T22:41:12 GST" duration-ms="0" status="SKIP">
          <reporter-output>
          </reporter-output>
        </test-method> <!-- tearDown -->
        <test-method is-config="true" signature="login(java.lang.String,java.lang.reflect.Method)[pri:0, instance:com.freecrm.testcases.HomePage@6f204a1a]" started-at="2025-04-27T22:41:12 GST" name="login" finished-at="2025-04-27T22:41:12 GST" duration-ms="0" status="SKIP">
          <reporter-output>
          </reporter-output>
        </test-method> <!-- login -->
        <test-method signature="clickOnTasksTest(java.lang.reflect.Method)[pri:0, instance:com.freecrm.testcases.HomePage@6f204a1a]" started-at="2025-04-27T22:41:12 GST" name="clickOnTasksTest" finished-at="2025-04-27T22:41:12 GST" duration-ms="0" status="SKIP">
          <params>
            <param index="0">
              <value>
                <![CDATA[public void com.freecrm.testcases.HomePage.clickOnTasksTest(java.lang.reflect.Method) throws java.io.IOException]]>
              </value>
            </param>
          </params>
          <exception class="java.lang.NullPointerException">
            <message>
              <![CDATA[Cannot invoke "java.util.concurrent.ScheduledThreadPoolExecutor.shutdown()" because "this.mouseTimer" is null]]>
            </message>
            <full-stacktrace>
              <![CDATA[java.lang.NullPointerException: Cannot invoke "java.util.concurrent.ScheduledThreadPoolExecutor.shutdown()" because "this.mouseTimer" is null
at atu.testrecorder.ATUTestRecorder.stop(ATUTestRecorder.java:441)
at com.freecrm.testcases.HomePage.tearDown(HomePage.java:43)
at java.base/jdk.internal.reflect.NativeMethodAccessorImpl.invoke0(Native Method)
at java.base/jdk.internal.reflect.NativeMethodAccessorImpl.invoke(NativeMethodAccessorImpl.java:77)
at java.base/jdk.internal.reflect.DelegatingMethodAccessorImpl.invoke(DelegatingMethodAccessorImpl.java:43)
at java.base/java.lang.reflect.Method.invoke(Method.java:568)
at org.testng.internal.invokers.MethodInvocationHelper.invokeMethod(MethodInvocationHelper.java:141)
at org.testng.internal.invokers.MethodInvocationHelper.invokeMethodConsideringTimeout(MethodInvocationHelper.java:71)
at org.testng.internal.invokers.ConfigInvoker.invokeConfigurationMethod(ConfigInvoker.java:400)
at org.testng.internal.invokers.ConfigInvoker.invokeConfigurations(ConfigInvoker.java:333)
at org.testng.internal.invokers.TestInvoker.runConfigMethods(TestInvoker.java:836)
at org.testng.internal.invokers.TestInvoker.runAfterConfigurations(TestInvoker.java:805)
at org.testng.internal.invokers.TestInvoker.invokeMethod(TestInvoker.java:781)
at org.testng.internal.invokers.TestInvoker.invokeTestMethod(TestInvoker.java:230)
at org.testng.internal.invokers.MethodRunner.runInSequence(MethodRunner.java:63)
at org.testng.internal.invokers.TestInvoker$MethodInvocationAgent.invoke(TestInvoker.java:995)
at org.testng.internal.invokers.TestInvoker.invokeTestMethods(TestInvoker.java:203)
at org.testng.internal.invokers.TestMethodWorker.invokeTestMethods(TestMethodWorker.java:154)
at org.testng.internal.invokers.TestMethodWorker.run(TestMethodWorker.java:134)
at java.base/java.util.ArrayList.forEach(ArrayList.java:1511)
at org.testng.TestRunner.privateRun(TestRunner.java:741)
at org.testng.TestRunner.run(TestRunner.java:616)
at org.testng.SuiteRunner.runTest(SuiteRunner.java:421)
at org.testng.SuiteRunner.runSequentially(SuiteRunner.java:413)
at org.testng.SuiteRunner.privateRun(SuiteRunner.java:373)
at org.testng.SuiteRunner.run(SuiteRunner.java:312)
at org.testng.SuiteRunnerWorker.runSuite(SuiteRunnerWorker.java:52)
at org.testng.SuiteRunnerWorker.run(SuiteRunnerWorker.java:95)
at org.testng.TestNG.runSuitesSequentially(TestNG.java:1274)
at org.testng.TestNG.runSuitesLocally(TestNG.java:1208)
at org.testng.TestNG.runSuites(TestNG.java:1112)
at org.testng.TestNG.run(TestNG.java:1079)
at org.testng.remote.AbstractRemoteTestNG.run(AbstractRemoteTestNG.java:115)
at org.testng.remote.RemoteTestNG.initAndRun(RemoteTestNG.java:293)
at org.testng.remote.RemoteTestNG.main(RemoteTestNG.java:91)
]]>
            </full-stacktrace>
          </exception> <!-- java.lang.NullPointerException -->
          <reporter-output>
          </reporter-output>
        </test-method> <!-- clickOnTasksTest -->
        <test-method is-config="true" signature="tearDown(java.lang.reflect.Method)[pri:0, instance:com.freecrm.testcases.HomePage@6f204a1a]" started-at="2025-04-27T22:41:12 GST" name="tearDown" finished-at="2025-04-27T22:41:12 GST" duration-ms="0" status="SKIP">
          <reporter-output>
          </reporter-output>
        </test-method> <!-- tearDown -->
      </class> <!-- com.freecrm.testcases.HomePage -->
    </test> <!-- End to End Test -->
  </suite> <!-- hello test -->
</testng-results>
